<?xml version="1.0" encoding="UTF-8"?>
<testng-results ignored="0" total="1" passed="1" failed="0" skipped="0">
  <reporter-output>
    <line>
      <![CDATA[No of rows are::4]]>
    </line>
    <line>
      <![CDATA[Supplier-00000007549         Supplier-00000007549]]>
    </line>
  </reporter-output>
  <suite started-at="2024-11-19T12:29:10 IST" name="Surefire suite" finished-at="2024-11-19T12:29:53 IST" duration-ms="43120">
    <groups>
    </groups>
    <test started-at="2024-11-19T12:29:10 IST" name="Surefire test" finished-at="2024-11-19T12:29:53 IST" duration-ms="43120">
      <class name="driverFactory.AppTest">
        <test-method signature="kickStart()[pri:0, instance:driverFactory.AppTest@233fe9b6]" started-at="2024-11-19T12:29:10 IST" name="kickStart" finished-at="2024-11-19T12:29:53 IST" duration-ms="43073" status="PASS">
          <reporter-output>
            <line>
              <![CDATA[No of rows are::4]]>
            </line>
            <line>
              <![CDATA[Supplier-00000007549         Supplier-00000007549]]>
            </line>
          </reporter-output>
        </test-method> <!-- kickStart -->
      </class> <!-- driverFactory.AppTest -->
    </test> <!-- Surefire test -->
  </suite> <!-- Surefire suite -->
</testng-results>
